<?xml version="1.0" encoding="UTF-8"?>
<testsuites errors="3" failures="3"><testsuite name="BackstopJS" tests="3" errors="3" failures="3"><testcase name=" ›› " classname=""><error message="Design deviation ››  () component" type="CSS component"/><failure message="Design deviation ››  () component" type="CSS component"/></testcase><testcase name=" ›› " classname=""><error message="Design deviation ››  () component" type="CSS component"/><failure message="Design deviation ››  () component" type="CSS component"/></testcase><testcase name=" ›› " classname=""><error message="Design deviation ››  () component" type="CSS component"/><failure message="Design deviation ››  () component" type="CSS component"/></testcase></testsuite></testsuites>